2017-11-25 15:58:34 - PHP Notice:  Undefined variable: product_total in /var/www/opencart/catalog/view/theme/default/template/product/category.tpl on line 142
2017-11-25 15:59:26 - PHP Notice:  Trying to get property of non-object in /var/www/opencart/catalog/view/theme/default/template/product/category.tpl on line 142
2017-11-25 17:31:02 - PHP Notice:  Undefined property: Cart\Cart::$discount in /var/www/opencart/catalog/controller/checkout/cart.php on line 397
2017-11-25 17:59:44 - PHP Notice:  Undefined index: RUB in /var/www/opencart/system/library/cart/currency.php on line 25
2017-11-25 17:59:44 - PHP Notice:  Undefined index: RUB in /var/www/opencart/system/library/cart/currency.php on line 26
2017-11-25 17:59:44 - PHP Notice:  Undefined index: RUB in /var/www/opencart/system/library/cart/currency.php on line 27
2017-11-25 17:59:44 - PHP Notice:  Undefined index: RUB in /var/www/opencart/system/library/cart/currency.php on line 30
2017-11-25 17:59:44 - PHP Notice:  Undefined index: RUB in /var/www/opencart/system/library/cart/currency.php on line 25
2017-11-25 17:59:44 - PHP Notice:  Undefined index: RUB in /var/www/opencart/system/library/cart/currency.php on line 26
2017-11-25 17:59:44 - PHP Notice:  Undefined index: RUB in /var/www/opencart/system/library/cart/currency.php on line 27
2017-11-25 17:59:44 - PHP Notice:  Undefined index: RUB in /var/www/opencart/system/library/cart/currency.php on line 30
2017-11-25 17:59:44 - PHP Notice:  Undefined index: RUB in /var/www/opencart/system/library/cart/currency.php on line 25
2017-11-25 17:59:44 - PHP Notice:  Undefined index: RUB in /var/www/opencart/system/library/cart/currency.php on line 26
2017-11-25 17:59:44 - PHP Notice:  Undefined index: RUB in /var/www/opencart/system/library/cart/currency.php on line 27
2017-11-25 17:59:44 - PHP Notice:  Undefined index: RUB in /var/www/opencart/system/library/cart/currency.php on line 30
2017-11-25 17:59:44 - PHP Notice:  Undefined index: RUB in /var/www/opencart/system/library/cart/currency.php on line 25
2017-11-25 17:59:44 - PHP Notice:  Undefined index: RUB in /var/www/opencart/system/library/cart/currency.php on line 26
2017-11-25 17:59:44 - PHP Notice:  Undefined index: RUB in /var/www/opencart/system/library/cart/currency.php on line 27
2017-11-25 17:59:44 - PHP Notice:  Undefined index: RUB in /var/www/opencart/system/library/cart/currency.php on line 30
2017-11-25 17:59:44 - PHP Notice:  Undefined index: RUB in /var/www/opencart/system/library/cart/currency.php on line 25
2017-11-25 17:59:44 - PHP Notice:  Undefined index: RUB in /var/www/opencart/system/library/cart/currency.php on line 26
2017-11-25 17:59:44 - PHP Notice:  Undefined index: RUB in /var/www/opencart/system/library/cart/currency.php on line 27
2017-11-25 17:59:44 - PHP Notice:  Undefined index: RUB in /var/www/opencart/system/library/cart/currency.php on line 30
2017-11-25 17:59:44 - PHP Notice:  Undefined index: RUB in /var/www/opencart/system/library/cart/currency.php on line 25
2017-11-25 17:59:44 - PHP Notice:  Undefined index: RUB in /var/www/opencart/system/library/cart/currency.php on line 26
2017-11-25 17:59:44 - PHP Notice:  Undefined index: RUB in /var/www/opencart/system/library/cart/currency.php on line 27
2017-11-25 17:59:44 - PHP Notice:  Undefined index: RUB in /var/www/opencart/system/library/cart/currency.php on line 30
2017-11-25 17:59:44 - PHP Notice:  Undefined index: RUB in /var/www/opencart/system/library/cart/currency.php on line 25
2017-11-25 17:59:44 - PHP Notice:  Undefined index: RUB in /var/www/opencart/system/library/cart/currency.php on line 26
2017-11-25 17:59:44 - PHP Notice:  Undefined index: RUB in /var/www/opencart/system/library/cart/currency.php on line 27
2017-11-25 17:59:44 - PHP Notice:  Undefined index: RUB in /var/www/opencart/system/library/cart/currency.php on line 30
2017-11-25 17:59:44 - PHP Notice:  Undefined index: RUB in /var/www/opencart/system/library/cart/currency.php on line 25
2017-11-25 17:59:44 - PHP Notice:  Undefined index: RUB in /var/www/opencart/system/library/cart/currency.php on line 26
2017-11-25 17:59:44 - PHP Notice:  Undefined index: RUB in /var/www/opencart/system/library/cart/currency.php on line 27
2017-11-25 17:59:44 - PHP Notice:  Undefined index: RUB in /var/www/opencart/system/library/cart/currency.php on line 30
2017-11-25 17:59:44 - PHP Notice:  Undefined index: RUB in /var/www/opencart/system/library/cart/currency.php on line 25
2017-11-25 17:59:44 - PHP Notice:  Undefined index: RUB in /var/www/opencart/system/library/cart/currency.php on line 26
2017-11-25 17:59:44 - PHP Notice:  Undefined index: RUB in /var/www/opencart/system/library/cart/currency.php on line 27
2017-11-25 17:59:44 - PHP Notice:  Undefined index: RUB in /var/www/opencart/system/library/cart/currency.php on line 30
2017-11-25 17:59:44 - PHP Notice:  Undefined index: RUB in /var/www/opencart/system/library/cart/currency.php on line 25
2017-11-25 17:59:44 - PHP Notice:  Undefined index: RUB in /var/www/opencart/system/library/cart/currency.php on line 26
2017-11-25 17:59:44 - PHP Notice:  Undefined index: RUB in /var/www/opencart/system/library/cart/currency.php on line 27
2017-11-25 17:59:44 - PHP Notice:  Undefined index: RUB in /var/www/opencart/system/library/cart/currency.php on line 30
2017-11-25 17:59:44 - PHP Notice:  Undefined index: RUB in /var/www/opencart/system/library/cart/currency.php on line 25
2017-11-25 17:59:44 - PHP Notice:  Undefined index: RUB in /var/www/opencart/system/library/cart/currency.php on line 26
2017-11-25 17:59:44 - PHP Notice:  Undefined index: RUB in /var/www/opencart/system/library/cart/currency.php on line 27
2017-11-25 17:59:44 - PHP Notice:  Undefined index: RUB in /var/www/opencart/system/library/cart/currency.php on line 30
2017-11-25 17:59:44 - PHP Notice:  Undefined index: RUB in /var/www/opencart/system/library/cart/currency.php on line 25
2017-11-25 17:59:44 - PHP Notice:  Undefined index: RUB in /var/www/opencart/system/library/cart/currency.php on line 26
2017-11-25 17:59:44 - PHP Notice:  Undefined index: RUB in /var/www/opencart/system/library/cart/currency.php on line 27
2017-11-25 17:59:44 - PHP Notice:  Undefined index: RUB in /var/www/opencart/system/library/cart/currency.php on line 30
2017-11-25 17:59:44 - PHP Notice:  Undefined index: RUB in /var/www/opencart/system/library/cart/currency.php on line 25
2017-11-25 17:59:44 - PHP Notice:  Undefined index: RUB in /var/www/opencart/system/library/cart/currency.php on line 26
2017-11-25 17:59:44 - PHP Notice:  Undefined index: RUB in /var/www/opencart/system/library/cart/currency.php on line 27
2017-11-25 17:59:44 - PHP Notice:  Undefined index: RUB in /var/www/opencart/system/library/cart/currency.php on line 30
2017-11-25 17:59:44 - PHP Notice:  Undefined index: RUB in /var/www/opencart/system/library/cart/currency.php on line 25
2017-11-25 17:59:44 - PHP Notice:  Undefined index: RUB in /var/www/opencart/system/library/cart/currency.php on line 26
2017-11-25 17:59:44 - PHP Notice:  Undefined index: RUB in /var/www/opencart/system/library/cart/currency.php on line 27
2017-11-25 17:59:44 - PHP Notice:  Undefined index: RUB in /var/www/opencart/system/library/cart/currency.php on line 30
2017-11-25 17:59:44 - PHP Notice:  Undefined index: RUB in /var/www/opencart/system/library/cart/currency.php on line 25
2017-11-25 17:59:44 - PHP Notice:  Undefined index: RUB in /var/www/opencart/system/library/cart/currency.php on line 26
2017-11-25 17:59:44 - PHP Notice:  Undefined index: RUB in /var/www/opencart/system/library/cart/currency.php on line 27
2017-11-25 17:59:44 - PHP Notice:  Undefined index: RUB in /var/www/opencart/system/library/cart/currency.php on line 30
2017-11-25 17:59:44 - PHP Notice:  Undefined index: RUB in /var/www/opencart/system/library/cart/currency.php on line 25
2017-11-25 17:59:44 - PHP Notice:  Undefined index: RUB in /var/www/opencart/system/library/cart/currency.php on line 26
2017-11-25 17:59:44 - PHP Notice:  Undefined index: RUB in /var/www/opencart/system/library/cart/currency.php on line 27
2017-11-25 17:59:44 - PHP Notice:  Undefined index: RUB in /var/www/opencart/system/library/cart/currency.php on line 30
2017-11-25 17:59:44 - PHP Notice:  Undefined index: RUB in /var/www/opencart/system/library/cart/currency.php on line 25
2017-11-25 17:59:44 - PHP Notice:  Undefined index: RUB in /var/www/opencart/system/library/cart/currency.php on line 26
2017-11-25 17:59:44 - PHP Notice:  Undefined index: RUB in /var/www/opencart/system/library/cart/currency.php on line 27
2017-11-25 17:59:44 - PHP Notice:  Undefined index: RUB in /var/www/opencart/system/library/cart/currency.php on line 30
2017-11-25 17:59:44 - PHP Notice:  Undefined index: RUB in /var/www/opencart/system/library/cart/currency.php on line 25
2017-11-25 17:59:44 - PHP Notice:  Undefined index: RUB in /var/www/opencart/system/library/cart/currency.php on line 26
2017-11-25 17:59:44 - PHP Notice:  Undefined index: RUB in /var/www/opencart/system/library/cart/currency.php on line 27
2017-11-25 17:59:44 - PHP Notice:  Undefined index: RUB in /var/www/opencart/system/library/cart/currency.php on line 30
2017-11-25 17:59:55 - PHP Notice:  Undefined index: RUB in /var/www/opencart/system/library/cart/currency.php on line 25
2017-11-25 17:59:55 - PHP Notice:  Undefined index: RUB in /var/www/opencart/system/library/cart/currency.php on line 26
2017-11-25 17:59:55 - PHP Notice:  Undefined index: RUB in /var/www/opencart/system/library/cart/currency.php on line 27
2017-11-25 17:59:55 - PHP Notice:  Undefined index: RUB in /var/www/opencart/system/library/cart/currency.php on line 30
2017-11-25 17:59:55 - PHP Notice:  Undefined index: RUB in /var/www/opencart/system/library/cart/currency.php on line 25
2017-11-25 17:59:55 - PHP Notice:  Undefined index: RUB in /var/www/opencart/system/library/cart/currency.php on line 26
2017-11-25 17:59:55 - PHP Notice:  Undefined index: RUB in /var/www/opencart/system/library/cart/currency.php on line 27
2017-11-25 17:59:55 - PHP Notice:  Undefined index: RUB in /var/www/opencart/system/library/cart/currency.php on line 30
2017-11-25 17:59:55 - PHP Notice:  Undefined index: RUB in /var/www/opencart/system/library/cart/currency.php on line 25
2017-11-25 17:59:55 - PHP Notice:  Undefined index: RUB in /var/www/opencart/system/library/cart/currency.php on line 26
2017-11-25 17:59:55 - PHP Notice:  Undefined index: RUB in /var/www/opencart/system/library/cart/currency.php on line 27
2017-11-25 17:59:55 - PHP Notice:  Undefined index: RUB in /var/www/opencart/system/library/cart/currency.php on line 30
2017-11-25 17:59:55 - PHP Notice:  Undefined index: RUB in /var/www/opencart/system/library/cart/currency.php on line 25
2017-11-25 17:59:55 - PHP Notice:  Undefined index: RUB in /var/www/opencart/system/library/cart/currency.php on line 26
2017-11-25 17:59:55 - PHP Notice:  Undefined index: RUB in /var/www/opencart/system/library/cart/currency.php on line 27
2017-11-25 17:59:55 - PHP Notice:  Undefined index: RUB in /var/www/opencart/system/library/cart/currency.php on line 30
2017-11-25 17:59:55 - PHP Notice:  Undefined index: RUB in /var/www/opencart/system/library/cart/currency.php on line 25
2017-11-25 17:59:55 - PHP Notice:  Undefined index: RUB in /var/www/opencart/system/library/cart/currency.php on line 26
2017-11-25 17:59:55 - PHP Notice:  Undefined index: RUB in /var/www/opencart/system/library/cart/currency.php on line 27
2017-11-25 17:59:55 - PHP Notice:  Undefined index: RUB in /var/www/opencart/system/library/cart/currency.php on line 30
2017-11-25 17:59:55 - PHP Notice:  Undefined index: RUB in /var/www/opencart/system/library/cart/currency.php on line 25
2017-11-25 17:59:55 - PHP Notice:  Undefined index: RUB in /var/www/opencart/system/library/cart/currency.php on line 26
2017-11-25 17:59:55 - PHP Notice:  Undefined index: RUB in /var/www/opencart/system/library/cart/currency.php on line 27
2017-11-25 17:59:55 - PHP Notice:  Undefined index: RUB in /var/www/opencart/system/library/cart/currency.php on line 30
2017-11-25 17:59:55 - PHP Notice:  Undefined index: RUB in /var/www/opencart/system/library/cart/currency.php on line 25
2017-11-25 17:59:55 - PHP Notice:  Undefined index: RUB in /var/www/opencart/system/library/cart/currency.php on line 26
2017-11-25 17:59:55 - PHP Notice:  Undefined index: RUB in /var/www/opencart/system/library/cart/currency.php on line 27
2017-11-25 17:59:55 - PHP Notice:  Undefined index: RUB in /var/www/opencart/system/library/cart/currency.php on line 30
2017-11-25 17:59:55 - PHP Notice:  Undefined index: RUB in /var/www/opencart/system/library/cart/currency.php on line 25
2017-11-25 17:59:55 - PHP Notice:  Undefined index: RUB in /var/www/opencart/system/library/cart/currency.php on line 26
2017-11-25 17:59:55 - PHP Notice:  Undefined index: RUB in /var/www/opencart/system/library/cart/currency.php on line 27
2017-11-25 17:59:55 - PHP Notice:  Undefined index: RUB in /var/www/opencart/system/library/cart/currency.php on line 30
2017-11-25 17:59:55 - PHP Notice:  Undefined index: RUB in /var/www/opencart/system/library/cart/currency.php on line 25
2017-11-25 17:59:55 - PHP Notice:  Undefined index: RUB in /var/www/opencart/system/library/cart/currency.php on line 26
2017-11-25 17:59:55 - PHP Notice:  Undefined index: RUB in /var/www/opencart/system/library/cart/currency.php on line 27
2017-11-25 17:59:55 - PHP Notice:  Undefined index: RUB in /var/www/opencart/system/library/cart/currency.php on line 30
2017-11-25 17:59:55 - PHP Notice:  Undefined index: RUB in /var/www/opencart/system/library/cart/currency.php on line 25
2017-11-25 17:59:55 - PHP Notice:  Undefined index: RUB in /var/www/opencart/system/library/cart/currency.php on line 26
2017-11-25 17:59:55 - PHP Notice:  Undefined index: RUB in /var/www/opencart/system/library/cart/currency.php on line 27
2017-11-25 17:59:55 - PHP Notice:  Undefined index: RUB in /var/www/opencart/system/library/cart/currency.php on line 30
2017-11-25 17:59:55 - PHP Notice:  Undefined index: RUB in /var/www/opencart/system/library/cart/currency.php on line 25
2017-11-25 17:59:55 - PHP Notice:  Undefined index: RUB in /var/www/opencart/system/library/cart/currency.php on line 26
2017-11-25 17:59:55 - PHP Notice:  Undefined index: RUB in /var/www/opencart/system/library/cart/currency.php on line 27
2017-11-25 17:59:55 - PHP Notice:  Undefined index: RUB in /var/www/opencart/system/library/cart/currency.php on line 30
2017-11-25 17:59:55 - PHP Notice:  Undefined index: RUB in /var/www/opencart/system/library/cart/currency.php on line 25
2017-11-25 17:59:55 - PHP Notice:  Undefined index: RUB in /var/www/opencart/system/library/cart/currency.php on line 26
2017-11-25 17:59:55 - PHP Notice:  Undefined index: RUB in /var/www/opencart/system/library/cart/currency.php on line 27
2017-11-25 17:59:55 - PHP Notice:  Undefined index: RUB in /var/www/opencart/system/library/cart/currency.php on line 30
2017-11-25 17:59:55 - PHP Notice:  Undefined index: RUB in /var/www/opencart/system/library/cart/currency.php on line 25
2017-11-25 17:59:55 - PHP Notice:  Undefined index: RUB in /var/www/opencart/system/library/cart/currency.php on line 26
2017-11-25 17:59:55 - PHP Notice:  Undefined index: RUB in /var/www/opencart/system/library/cart/currency.php on line 27
2017-11-25 17:59:55 - PHP Notice:  Undefined index: RUB in /var/www/opencart/system/library/cart/currency.php on line 30
2017-11-25 17:59:55 - PHP Notice:  Undefined index: RUB in /var/www/opencart/system/library/cart/currency.php on line 25
2017-11-25 17:59:55 - PHP Notice:  Undefined index: RUB in /var/www/opencart/system/library/cart/currency.php on line 26
2017-11-25 17:59:55 - PHP Notice:  Undefined index: RUB in /var/www/opencart/system/library/cart/currency.php on line 27
2017-11-25 17:59:55 - PHP Notice:  Undefined index: RUB in /var/www/opencart/system/library/cart/currency.php on line 30
2017-11-25 17:59:55 - PHP Notice:  Undefined index: RUB in /var/www/opencart/system/library/cart/currency.php on line 25
2017-11-25 17:59:55 - PHP Notice:  Undefined index: RUB in /var/www/opencart/system/library/cart/currency.php on line 26
2017-11-25 17:59:55 - PHP Notice:  Undefined index: RUB in /var/www/opencart/system/library/cart/currency.php on line 27
2017-11-25 17:59:55 - PHP Notice:  Undefined index: RUB in /var/www/opencart/system/library/cart/currency.php on line 30
2017-11-25 17:59:55 - PHP Notice:  Undefined index: RUB in /var/www/opencart/system/library/cart/currency.php on line 25
2017-11-25 17:59:55 - PHP Notice:  Undefined index: RUB in /var/www/opencart/system/library/cart/currency.php on line 26
2017-11-25 17:59:55 - PHP Notice:  Undefined index: RUB in /var/www/opencart/system/library/cart/currency.php on line 27
2017-11-25 17:59:55 - PHP Notice:  Undefined index: RUB in /var/www/opencart/system/library/cart/currency.php on line 30
2017-11-25 17:59:55 - PHP Notice:  Undefined index: RUB in /var/www/opencart/system/library/cart/currency.php on line 25
2017-11-25 17:59:55 - PHP Notice:  Undefined index: RUB in /var/www/opencart/system/library/cart/currency.php on line 26
2017-11-25 17:59:55 - PHP Notice:  Undefined index: RUB in /var/www/opencart/system/library/cart/currency.php on line 27
2017-11-25 17:59:55 - PHP Notice:  Undefined index: RUB in /var/www/opencart/system/library/cart/currency.php on line 30
2017-11-25 17:59:55 - PHP Notice:  Undefined index: RUB in /var/www/opencart/system/library/cart/currency.php on line 25
2017-11-25 17:59:55 - PHP Notice:  Undefined index: RUB in /var/www/opencart/system/library/cart/currency.php on line 26
2017-11-25 17:59:55 - PHP Notice:  Undefined index: RUB in /var/www/opencart/system/library/cart/currency.php on line 27
2017-11-25 17:59:55 - PHP Notice:  Undefined index: RUB in /var/www/opencart/system/library/cart/currency.php on line 30
2017-11-25 18:00:01 - PHP Notice:  Undefined index: RUB in /var/www/opencart/system/library/cart/currency.php on line 25
2017-11-25 18:00:01 - PHP Notice:  Undefined index: RUB in /var/www/opencart/system/library/cart/currency.php on line 26
2017-11-25 18:00:01 - PHP Notice:  Undefined index: RUB in /var/www/opencart/system/library/cart/currency.php on line 27
2017-11-25 18:00:01 - PHP Notice:  Undefined index: RUB in /var/www/opencart/system/library/cart/currency.php on line 30
2017-11-25 18:00:01 - PHP Notice:  Undefined index: RUB in /var/www/opencart/system/library/cart/currency.php on line 25
2017-11-25 18:00:01 - PHP Notice:  Undefined index: RUB in /var/www/opencart/system/library/cart/currency.php on line 26
2017-11-25 18:00:01 - PHP Notice:  Undefined index: RUB in /var/www/opencart/system/library/cart/currency.php on line 27
2017-11-25 18:00:01 - PHP Notice:  Undefined index: RUB in /var/www/opencart/system/library/cart/currency.php on line 30
2017-11-25 18:00:01 - PHP Notice:  Undefined index: RUB in /var/www/opencart/system/library/cart/currency.php on line 25
2017-11-25 18:00:01 - PHP Notice:  Undefined index: RUB in /var/www/opencart/system/library/cart/currency.php on line 26
2017-11-25 18:00:01 - PHP Notice:  Undefined index: RUB in /var/www/opencart/system/library/cart/currency.php on line 27
2017-11-25 18:00:01 - PHP Notice:  Undefined index: RUB in /var/www/opencart/system/library/cart/currency.php on line 30
2017-11-25 18:00:01 - PHP Notice:  Undefined index: RUB in /var/www/opencart/system/library/cart/currency.php on line 25
2017-11-25 18:00:01 - PHP Notice:  Undefined index: RUB in /var/www/opencart/system/library/cart/currency.php on line 26
2017-11-25 18:00:01 - PHP Notice:  Undefined index: RUB in /var/www/opencart/system/library/cart/currency.php on line 27
2017-11-25 18:00:01 - PHP Notice:  Undefined index: RUB in /var/www/opencart/system/library/cart/currency.php on line 30
2017-11-25 18:00:01 - PHP Notice:  Undefined index: RUB in /var/www/opencart/system/library/cart/currency.php on line 25
2017-11-25 18:00:01 - PHP Notice:  Undefined index: RUB in /var/www/opencart/system/library/cart/currency.php on line 26
2017-11-25 18:00:01 - PHP Notice:  Undefined index: RUB in /var/www/opencart/system/library/cart/currency.php on line 27
2017-11-25 18:00:01 - PHP Notice:  Undefined index: RUB in /var/www/opencart/system/library/cart/currency.php on line 30
2017-11-25 18:00:01 - PHP Notice:  Undefined index: RUB in /var/www/opencart/system/library/cart/currency.php on line 25
2017-11-25 18:00:01 - PHP Notice:  Undefined index: RUB in /var/www/opencart/system/library/cart/currency.php on line 26
2017-11-25 18:00:01 - PHP Notice:  Undefined index: RUB in /var/www/opencart/system/library/cart/currency.php on line 27
2017-11-25 18:00:01 - PHP Notice:  Undefined index: RUB in /var/www/opencart/system/library/cart/currency.php on line 30
2017-11-25 18:00:01 - PHP Notice:  Undefined index: RUB in /var/www/opencart/system/library/cart/currency.php on line 25
2017-11-25 18:00:01 - PHP Notice:  Undefined index: RUB in /var/www/opencart/system/library/cart/currency.php on line 26
2017-11-25 18:00:01 - PHP Notice:  Undefined index: RUB in /var/www/opencart/system/library/cart/currency.php on line 27
2017-11-25 18:00:01 - PHP Notice:  Undefined index: RUB in /var/www/opencart/system/library/cart/currency.php on line 30
2017-11-25 18:00:01 - PHP Notice:  Undefined index: RUB in /var/www/opencart/system/library/cart/currency.php on line 25
2017-11-25 18:00:01 - PHP Notice:  Undefined index: RUB in /var/www/opencart/system/library/cart/currency.php on line 26
2017-11-25 18:00:01 - PHP Notice:  Undefined index: RUB in /var/www/opencart/system/library/cart/currency.php on line 27
2017-11-25 18:00:01 - PHP Notice:  Undefined index: RUB in /var/www/opencart/system/library/cart/currency.php on line 30
2017-11-25 18:00:01 - PHP Notice:  Undefined index: RUB in /var/www/opencart/system/library/cart/currency.php on line 25
2017-11-25 18:00:01 - PHP Notice:  Undefined index: RUB in /var/www/opencart/system/library/cart/currency.php on line 26
2017-11-25 18:00:01 - PHP Notice:  Undefined index: RUB in /var/www/opencart/system/library/cart/currency.php on line 27
2017-11-25 18:00:01 - PHP Notice:  Undefined index: RUB in /var/www/opencart/system/library/cart/currency.php on line 30
2017-11-25 18:00:01 - PHP Notice:  Undefined index: RUB in /var/www/opencart/system/library/cart/currency.php on line 25
2017-11-25 18:00:01 - PHP Notice:  Undefined index: RUB in /var/www/opencart/system/library/cart/currency.php on line 26
2017-11-25 18:00:01 - PHP Notice:  Undefined index: RUB in /var/www/opencart/system/library/cart/currency.php on line 27
2017-11-25 18:00:01 - PHP Notice:  Undefined index: RUB in /var/www/opencart/system/library/cart/currency.php on line 30
2017-11-25 18:00:01 - PHP Notice:  Undefined index: RUB in /var/www/opencart/system/library/cart/currency.php on line 25
2017-11-25 18:00:01 - PHP Notice:  Undefined index: RUB in /var/www/opencart/system/library/cart/currency.php on line 26
2017-11-25 18:00:01 - PHP Notice:  Undefined index: RUB in /var/www/opencart/system/library/cart/currency.php on line 27
2017-11-25 18:00:01 - PHP Notice:  Undefined index: RUB in /var/www/opencart/system/library/cart/currency.php on line 30
2017-11-25 18:00:01 - PHP Notice:  Undefined index: RUB in /var/www/opencart/system/library/cart/currency.php on line 25
2017-11-25 18:00:01 - PHP Notice:  Undefined index: RUB in /var/www/opencart/system/library/cart/currency.php on line 26
2017-11-25 18:00:01 - PHP Notice:  Undefined index: RUB in /var/www/opencart/system/library/cart/currency.php on line 27
2017-11-25 18:00:01 - PHP Notice:  Undefined index: RUB in /var/www/opencart/system/library/cart/currency.php on line 30
2017-11-25 18:00:01 - PHP Notice:  Undefined index: RUB in /var/www/opencart/system/library/cart/currency.php on line 25
2017-11-25 18:00:01 - PHP Notice:  Undefined index: RUB in /var/www/opencart/system/library/cart/currency.php on line 26
2017-11-25 18:00:01 - PHP Notice:  Undefined index: RUB in /var/www/opencart/system/library/cart/currency.php on line 27
2017-11-25 18:00:01 - PHP Notice:  Undefined index: RUB in /var/www/opencart/system/library/cart/currency.php on line 30
2017-11-25 18:00:01 - PHP Notice:  Undefined index: RUB in /var/www/opencart/system/library/cart/currency.php on line 25
2017-11-25 18:00:01 - PHP Notice:  Undefined index: RUB in /var/www/opencart/system/library/cart/currency.php on line 26
2017-11-25 18:00:01 - PHP Notice:  Undefined index: RUB in /var/www/opencart/system/library/cart/currency.php on line 27
2017-11-25 18:00:01 - PHP Notice:  Undefined index: RUB in /var/www/opencart/system/library/cart/currency.php on line 30
2017-11-25 18:00:01 - PHP Notice:  Undefined index: RUB in /var/www/opencart/system/library/cart/currency.php on line 25
2017-11-25 18:00:01 - PHP Notice:  Undefined index: RUB in /var/www/opencart/system/library/cart/currency.php on line 26
2017-11-25 18:00:01 - PHP Notice:  Undefined index: RUB in /var/www/opencart/system/library/cart/currency.php on line 27
2017-11-25 18:00:01 - PHP Notice:  Undefined index: RUB in /var/www/opencart/system/library/cart/currency.php on line 30
2017-11-25 18:00:01 - PHP Notice:  Undefined index: RUB in /var/www/opencart/system/library/cart/currency.php on line 25
2017-11-25 18:00:01 - PHP Notice:  Undefined index: RUB in /var/www/opencart/system/library/cart/currency.php on line 26
2017-11-25 18:00:01 - PHP Notice:  Undefined index: RUB in /var/www/opencart/system/library/cart/currency.php on line 27
2017-11-25 18:00:01 - PHP Notice:  Undefined index: RUB in /var/www/opencart/system/library/cart/currency.php on line 30
2017-11-25 18:00:01 - PHP Notice:  Undefined index: RUB in /var/www/opencart/system/library/cart/currency.php on line 25
2017-11-25 18:00:01 - PHP Notice:  Undefined index: RUB in /var/www/opencart/system/library/cart/currency.php on line 26
2017-11-25 18:00:01 - PHP Notice:  Undefined index: RUB in /var/www/opencart/system/library/cart/currency.php on line 27
2017-11-25 18:00:01 - PHP Notice:  Undefined index: RUB in /var/www/opencart/system/library/cart/currency.php on line 30
2017-11-25 18:00:01 - PHP Notice:  Undefined index: RUB in /var/www/opencart/system/library/cart/currency.php on line 25
2017-11-25 18:00:01 - PHP Notice:  Undefined index: RUB in /var/www/opencart/system/library/cart/currency.php on line 26
2017-11-25 18:00:01 - PHP Notice:  Undefined index: RUB in /var/www/opencart/system/library/cart/currency.php on line 27
2017-11-25 18:00:01 - PHP Notice:  Undefined index: RUB in /var/www/opencart/system/library/cart/currency.php on line 30
2017-11-25 18:08:23 - PHP Notice:  Undefined property: Cart\Currency::$code in /var/www/opencart/catalog/controller/checkout/cart.php on line 397
2017-11-25 18:12:31 - PHP Warning:  Missing argument 1 for Cart\Currency::getValue(), called in /var/www/opencart/catalog/controller/checkout/cart.php on line 397 and defined in /var/www/opencart/system/library/cart/currency.php on line 104
2017-11-25 18:12:31 - PHP Notice:  Undefined variable: currency in /var/www/opencart/system/library/cart/currency.php on line 105
2017-11-25 18:13:14 - PHP Warning:  Missing argument 1 for Cart\Currency::getId(), called in /var/www/opencart/catalog/controller/checkout/cart.php on line 397 and defined in /var/www/opencart/system/library/cart/currency.php on line 72
2017-11-25 18:13:14 - PHP Notice:  Undefined variable: currency in /var/www/opencart/system/library/cart/currency.php on line 73
2017-11-26 15:38:30 - PHP Warning:  session_decode() expects exactly 1 parameter, 0 given in /var/www/opencart/catalog/controller/checkout/cart.php on line 397
2017-11-26 16:03:15 - PHP Notice:  Undefined property: Cart\Currency::$value in /var/www/opencart/catalog/controller/checkout/cart.php on line 396
2017-11-26 16:03:38 - PHP Warning:  Missing argument 1 for Cart\Currency::getValue(), called in /var/www/opencart/catalog/controller/checkout/cart.php on line 396 and defined in /var/www/opencart/system/library/cart/currency.php on line 104
2017-11-26 16:03:38 - PHP Notice:  Undefined variable: currency in /var/www/opencart/system/library/cart/currency.php on line 105
2017-11-26 16:21:06 - PHP Notice:  Undefined variable: total in /var/www/opencart/catalog/controller/checkout/cart.php on line 410
2017-11-26 16:21:52 - PHP Notice:  Undefined variable: total in /var/www/opencart/catalog/controller/checkout/cart.php on line 410
2017-11-26 16:46:46 - PHP Notice:  Undefined index: coupon in /var/www/opencart/catalog/controller/extension/total/coupon.php on line 62
2017-11-26 17:45:46 - PHP Notice:  Undefined variable: flat_door_cost in /var/www/opencart/admin/view/template/extension/shipping/flat_door.tpl on line 31
2017-11-26 17:45:46 - PHP Notice:  Undefined variable: flat_door_tax_class_id in /var/www/opencart/admin/view/template/extension/shipping/flat_door.tpl on line 40
2017-11-26 17:45:46 - PHP Notice:  Undefined variable: flat_door_tax_class_id in /var/www/opencart/admin/view/template/extension/shipping/flat_door.tpl on line 40
2017-11-26 17:45:46 - PHP Notice:  Undefined variable: flat_door_geo_zone_id in /var/www/opencart/admin/view/template/extension/shipping/flat_door.tpl on line 55
2017-11-26 17:45:46 - PHP Notice:  Undefined variable: flat_door_status in /var/www/opencart/admin/view/template/extension/shipping/flat_door.tpl on line 68
2017-11-26 17:45:46 - PHP Notice:  Undefined variable: flat_door_sort_order in /var/www/opencart/admin/view/template/extension/shipping/flat_door.tpl on line 81
2017-11-26 17:46:05 - PHP Notice:  Undefined variable: flat_door_cost in /var/www/opencart/admin/view/template/extension/shipping/flat_door.tpl on line 31
2017-11-26 17:46:05 - PHP Notice:  Undefined variable: flat_door_tax_class_id in /var/www/opencart/admin/view/template/extension/shipping/flat_door.tpl on line 40
2017-11-26 17:46:05 - PHP Notice:  Undefined variable: flat_door_tax_class_id in /var/www/opencart/admin/view/template/extension/shipping/flat_door.tpl on line 40
2017-11-26 17:46:05 - PHP Notice:  Undefined variable: flat_door_geo_zone_id in /var/www/opencart/admin/view/template/extension/shipping/flat_door.tpl on line 55
2017-11-26 17:46:05 - PHP Notice:  Undefined variable: flat_door_status in /var/www/opencart/admin/view/template/extension/shipping/flat_door.tpl on line 68
2017-11-26 17:46:05 - PHP Notice:  Undefined variable: flat_door_sort_order in /var/www/opencart/admin/view/template/extension/shipping/flat_door.tpl on line 81
2017-11-26 17:46:25 - PHP Notice:  Undefined variable: flat_door_cost in /var/www/opencart/admin/view/template/extension/shipping/flat_door.tpl on line 31
2017-11-26 17:46:25 - PHP Notice:  Undefined variable: flat_door_tax_class_id in /var/www/opencart/admin/view/template/extension/shipping/flat_door.tpl on line 40
2017-11-26 17:46:25 - PHP Notice:  Undefined variable: flat_door_tax_class_id in /var/www/opencart/admin/view/template/extension/shipping/flat_door.tpl on line 40
2017-11-26 17:46:25 - PHP Notice:  Undefined variable: flat_door_geo_zone_id in /var/www/opencart/admin/view/template/extension/shipping/flat_door.tpl on line 55
2017-11-26 17:46:25 - PHP Notice:  Undefined variable: flat_door_status in /var/www/opencart/admin/view/template/extension/shipping/flat_door.tpl on line 68
2017-11-26 17:46:25 - PHP Notice:  Undefined variable: flat_door_sort_order in /var/www/opencart/admin/view/template/extension/shipping/flat_door.tpl on line 81
2017-11-26 17:50:34 - PHP Notice:  Undefined variable: flat_door_cost in /var/www/opencart/admin/view/template/extension/shipping/flat_door.tpl on line 31
2017-11-26 18:44:26 - PHP Notice:  Undefined variable: floor in /var/www/opencart/catalog/view/theme/default/template/checkout/guest.tpl on line 170
2017-11-26 18:44:26 - PHP Notice:  Undefined variable: floor in /var/www/opencart/catalog/view/theme/default/template/checkout/guest.tpl on line 171
2017-11-26 18:44:26 - PHP Notice:  Undefined variable: entry_floor in /var/www/opencart/catalog/view/theme/default/template/checkout/guest.tpl on line 171
2017-11-26 18:47:35 - PHP Notice:  Undefined variable: floor in /var/www/opencart/catalog/view/theme/default/template/checkout/guest.tpl on line 170
2017-11-26 18:47:35 - PHP Notice:  Undefined variable: floor in /var/www/opencart/catalog/view/theme/default/template/checkout/guest.tpl on line 171
2017-11-26 18:50:56 - PHP Notice:  Undefined variable: floor in /var/www/opencart/catalog/view/theme/default/template/checkout/guest.tpl on line 171
2017-11-26 18:52:37 - PHP Notice:  Undefined variable: floor in /var/www/opencart/catalog/view/theme/default/template/checkout/guest.tpl on line 171
2017-11-26 18:53:06 - PHP Notice:  Undefined variable: floor in /var/www/opencart/catalog/view/theme/default/template/checkout/guest.tpl on line 171
2017-11-26 19:01:30 - PHP Notice:  Undefined variable: floor in /var/www/opencart/catalog/view/theme/default/template/checkout/guest.tpl on line 171
2017-11-26 19:07:08 - PHP Notice:  Undefined variable: floor in /var/www/opencart/catalog/view/theme/default/template/checkout/guest.tpl on line 171
2017-11-26 20:13:05 - PHP Notice:  Undefined index: text_about_floor in /var/www/opencart/catalog/view/theme/default/template/checkout/shipping_method.tpl on line 23
2017-11-27 0:03:55 - PHP Notice:  Undefined index: floor in /var/www/opencart/catalog/controller/checkout/payment_method.php on line 195
2017-11-27 0:05:31 - PHP Notice:  Undefined index: floor in /var/www/opencart/catalog/controller/checkout/payment_method.php on line 195
